#
# There is insufficient memory for the Java Runtime Environment to continue.
# Native memory allocation (mmap) failed to map 100663296 bytes for Failed to commit area from 0x00000000a0c00000 to 0x00000000a6c00000 of length 100663296.
# Possible reasons:
#   The system is out of physical RAM or swap space
#   The process is running with CompressedOops enabled, and the Java Heap may be blocking the growth of the native heap
# Possible solutions:
#   Reduce memory load on the system
#   Increase physical memory or swap space
#   Check if swap backing store is full
#   Decrease Java heap size (-Xmx/-Xms)
#   Decrease number of Java threads
#   Decrease Java thread stack sizes (-Xss)
#   Set larger code cache with -XX:ReservedCodeCacheSize=
# This output file may be truncated or incomplete.
#
#  Out of Memory Error (./src/hotspot/os/windows/os_windows.cpp:3301), pid=20924, tid=6040
#
# JRE version:  (11.0.11+9) (build )
# Java VM: OpenJDK 64-Bit Server VM (11.0.11+9-b60-7590822, mixed mode, sharing, tiered, compressed oops, g1 gc, windows-amd64)
# No core dump will be written. Minidumps are not enabled by default on client versions of Windows
#

---------------  S U M M A R Y ------------

Command Line: 

Host: AMD Ryzen 5 3500U with Radeon Vega Mobile Gfx  , 8 cores, 5G,  Windows 10 , 64 bit Build 22000 (10.0.22000.708)
Time: Wed Jul 20 15:42:28 2022 Dateline Standard Time elapsed time: 0.034625 seconds (0d 0h 0m 0s)

---------------  T H R E A D  ---------------

Current thread (0x000002929f65e000):  JavaThread "Unknown thread" [_thread_in_vm, id=6040, stack(0x000000f3e3000000,0x000000f3e3100000)]

Stack: [0x000000f3e3000000,0x000000f3e3100000]
Native frames: (J=compiled Java code, j=interpreted, Vv=VM code, C=native code)
V  [jvm.dll+0x5f214a]
V  [jvm.dll+0x726fb5]
V  [jvm.dll+0x7285cd]
V  [jvm.dll+0x728c83]
V  [jvm.dll+0x243278]
V  [jvm.dll+0x5ef544]
V  [jvm.dll+0x5e4495]
V  [jvm.dll+0x2fec5b]
V  [jvm.dll+0x2febca]
V  [jvm.dll+0x2feaa2]
V  [jvm.dll+0x303986]
V  [jvm.dll+0x34c3a3]
V  [jvm.dll+0x34caa6]
V  [jvm.dll+0x34c4a3]
V  [jvm.dll+0x2d9688]
V  [jvm.dll+0x2da837]
V  [jvm.dll+0x705ba7]
V  [jvm.dll+0x70739c]
V  [jvm.dll+0x3598f9]
V  [jvm.dll+0x6e931e]
V  [jvm.dll+0x3c1c43]
V  [jvm.dll+0x3c3e81]
C  [jli.dll+0x5373]
C  [ucrtbase.dll+0x26c0c]
C  [KERNEL32.DLL+0x154e0]
C  [ntdll.dll+0x485b]


---------------  P R O C E S S  ---------------

Threads class SMR info:
_java_thread_list=0x000002929f4d3700, length=0, elements={
}

Java Threads: ( => current thread )

Other Threads:
  0x000002929f672000 GCTaskThread "GC Thread#0" [stack: 0x000000f3e3100000,0x000000f3e3200000] [id=22944]
  0x000002929f698800 ConcurrentGCThread "G1 Main Marker" [stack: 0x000000f3e3200000,0x000000f3e3300000] [id=20812]
  0x000002929f69b000 ConcurrentGCThread "G1 Conc#0" [stack: 0x000000f3e3300000,0x000000f3e3400000] [id=11284]

[error occurred during error reporting (printing all threads), id 0xc0000005, EXCEPTION_ACCESS_VIOLATION (0xc0000005) at pc=0x00007ffbb3519c47]

VM state:not at safepoint (not fully initialized)

VM Mutex/Monitor currently owned by a thread:  ([mutex/lock_event])
[0x000002929f65c4d0] Heap_lock - owner thread: 0x000002929f65e000

Heap address: 0x00000000a0c00000, size: 1524 MB, Compressed Oops mode: Non-zero based: 0x00000000a0c00000
Narrow klass base: 0x0000000000000000, Narrow klass shift: 0

GC Heap History (0 events):
No events

Deoptimization events (0 events):
No events

Classes redefined (0 events):
No events

Internal exceptions (0 events):
No events

Events (1 events):
Event: 0.022 Loaded shared library C:\Program Files\Android\Android Studio\jre\bin\zip.dll


Dynamic libraries:
0x00007ff78f7a0000 - 0x00007ff78f7aa000 	C:\Program Files\Android\Android Studio\jre\bin\java.EXE
0x00007ffc48720000 - 0x00007ffc48929000 	C:\WINDOWS\SYSTEM32\ntdll.dll
0x00007ffc47490000 - 0x00007ffc4754d000 	C:\WINDOWS\System32\KERNEL32.DLL
0x00007ffc45f50000 - 0x00007ffc462c9000 	C:\WINDOWS\System32\KERNELBASE.dll
0x00007ffc45cc0000 - 0x00007ffc45dd1000 	C:\WINDOWS\System32\ucrtbase.dll
0x00007ffc272d0000 - 0x00007ffc272e9000 	C:\Program Files\Android\Android Studio\jre\bin\jli.dll
0x00007ffc47700000 - 0x00007ffc478ac000 	C:\WINDOWS\System32\USER32.dll
0x00007ffc463f0000 - 0x00007ffc46416000 	C:\WINDOWS\System32\win32u.dll
0x00007ffc47d20000 - 0x00007ffc47d49000 	C:\WINDOWS\System32\GDI32.dll
0x00007ffc462d0000 - 0x00007ffc463e2000 	C:\WINDOWS\System32\gdi32full.dll
0x00007ffc46510000 - 0x00007ffc465ad000 	C:\WINDOWS\System32\msvcp_win.dll
0x00007ffc2b8a0000 - 0x00007ffc2b8b7000 	C:\Program Files\Android\Android Studio\jre\bin\VCRUNTIME140.dll
0x00007ffc33da0000 - 0x00007ffc34045000 	C:\WINDOWS\WinSxS\amd64_microsoft.windows.common-controls_6595b64144ccf1df_6.0.22000.120_none_9d947278b86cc467\COMCTL32.dll
0x00007ffc46b20000 - 0x00007ffc46bc3000 	C:\WINDOWS\System32\msvcrt.dll
0x00007ffc46740000 - 0x00007ffc46771000 	C:\WINDOWS\System32\IMM32.DLL
0x00007ffbf74d0000 - 0x00007ffbf756d000 	C:\Program Files\Android\Android Studio\jre\bin\msvcp140.dll
0x00007ffbb3230000 - 0x00007ffbb3d05000 	C:\Program Files\Android\Android Studio\jre\bin\server\jvm.dll
0x00007ffc47550000 - 0x00007ffc475fe000 	C:\WINDOWS\System32\ADVAPI32.dll
0x00007ffc48640000 - 0x00007ffc486de000 	C:\WINDOWS\System32\sechost.dll
0x00007ffc46620000 - 0x00007ffc46740000 	C:\WINDOWS\System32\RPCRT4.dll
0x00007ffc47bf0000 - 0x00007ffc47bf8000 	C:\WINDOWS\System32\PSAPI.DLL
0x00007ffc36490000 - 0x00007ffc36499000 	C:\WINDOWS\SYSTEM32\WSOCK32.dll
0x00007ffc465b0000 - 0x00007ffc4661f000 	C:\WINDOWS\System32\WS2_32.dll
0x00007ffc40800000 - 0x00007ffc40833000 	C:\WINDOWS\SYSTEM32\WINMM.dll
0x00007ffc3dc40000 - 0x00007ffc3dc4a000 	C:\WINDOWS\SYSTEM32\VERSION.dll
0x00007ffc44d00000 - 0x00007ffc44d18000 	C:\WINDOWS\SYSTEM32\kernel.appcore.dll
0x00007ffc26e10000 - 0x00007ffc26e21000 	C:\Program Files\Android\Android Studio\jre\bin\verify.dll
0x00007ffc437b0000 - 0x00007ffc439d1000 	C:\WINDOWS\SYSTEM32\DBGHELP.DLL
0x00007ffc34360000 - 0x00007ffc34391000 	C:\WINDOWS\SYSTEM32\dbgcore.DLL
0x00007ffc46490000 - 0x00007ffc4650f000 	C:\WINDOWS\System32\bcryptPrimitives.dll
0x00007ffc21870000 - 0x00007ffc21899000 	C:\Program Files\Android\Android Studio\jre\bin\java.dll
0x00007ffc36380000 - 0x00007ffc3638b000 	C:\Program Files\Android\Android Studio\jre\bin\jimage.dll
0x00007ffc1c280000 - 0x00007ffc1c298000 	C:\Program Files\Android\Android Studio\jre\bin\zip.dll

dbghelp: loaded successfully - version: 4.0.5 - missing functions: none
symbol engine: initialized successfully - sym options: 0x614 - pdb path: .;C:\Program Files\Android\Android Studio\jre\bin;C:\WINDOWS\SYSTEM32;C:\WINDOWS\WinSxS\amd64_microsoft.windows.common-controls_6595b64144ccf1df_6.0.22000.120_none_9d947278b86cc467;C:\Program Files\Android\Android Studio\jre\bin\server

VM Arguments:
java_command: <unknown>
java_class_path (initial): <not set>
Launcher Type: SUN_STANDARD

[Global flags]
     intx CICompilerCount                          = 4                                         {product} {ergonomic}
     uint ConcGCThreads                            = 2                                         {product} {ergonomic}
     uint G1ConcRefinementThreads                  = 8                                         {product} {ergonomic}
   size_t G1HeapRegionSize                         = 1048576                                   {product} {ergonomic}
    uintx GCDrainStackTargetSize                   = 64                                        {product} {ergonomic}
   size_t InitialHeapSize                          = 100663296                                 {product} {ergonomic}
   size_t MarkStackSize                            = 4194304                                   {product} {ergonomic}
   size_t MaxHeapSize                              = 1598029824                                {product} {ergonomic}
   size_t MinHeapDeltaBytes                        = 1048576                                   {product} {ergonomic}
    uintx NonNMethodCodeHeapSize                   = 5836300                                {pd product} {ergonomic}
    uintx NonProfiledCodeHeapSize                  = 122910970                              {pd product} {ergonomic}
    uintx ProfiledCodeHeapSize                     = 122910970                              {pd product} {ergonomic}
    uintx ReservedCodeCacheSize                    = 251658240                              {pd product} {ergonomic}
     bool SegmentedCodeCache                       = true                                      {product} {ergonomic}
     bool UseCompressedClassPointers               = true                                 {lp64_product} {ergonomic}
     bool UseCompressedOops                        = true                                 {lp64_product} {ergonomic}
     bool UseG1GC                                  = true                                      {product} {ergonomic}
     bool UseLargePagesIndividualAllocation        = false                                  {pd product} {ergonomic}

Logging:
Log output configuration:
 #0: stdout all=warning uptime,level,tags
 #1: stderr all=off uptime,level,tags

Environment Variables:
PATH=C:\Program Files (x86)\Common Files\Intel\Shared Files\cpp\bin\Intel64;C:\ProgramData\Oracle\Java\javapath;C:\WINDOWS\system32;C:\WINDOWS;C:\WINDOWS\System32\Wbem;C:\WINDOWS\System32\WindowsPowerShell\v1.0\;C:\WINDOWS\System32\OpenSSH\;C:\mwildani\MinGW\bin;C:\Program Files\dotnet\;C:\Program Files\nodejs\;C:\Program Files\Git\cmd;C:\Users\ASUS\AppData\Local\Microsoft\WindowsApps;C:\Users\ASUS\.vscode;C:\Algoritma Dan Struktur Data;C:\Users\ASUS\AppData\Local\Programs\Microsoft VS Code\bin;C:\Users\ASUS\.dotnet\tools;C:\flutter\bin;C:\Users\ASUS\AppData\Roaming\npm;C:\flutter\bin\mingit\cmd
USERNAME=ASUS
LANG=en_US.UTF-8
OS=Windows_NT
PROCESSOR_IDENTIFIER=AMD64 Family 23 Model 24 Stepping 1, AuthenticAMD



---------------  S Y S T E M  ---------------

OS: Windows 10 , 64 bit Build 22000 (10.0.22000.708)
OS uptime: 21 days 17:49 hours

CPU:total 8 (initial active 8) (8 cores per cpu, 2 threads per core) family 23 model 24 stepping 1 microcode 0x0, cmov, cx8, fxsr, mmx, sse, sse2, sse3, ssse3, sse4.1, sse4.2, popcnt, avx, avx2, aes, clmul, mmxext, 3dnowpref, lzcnt, sse4a, ht, tsc, tscinvbit, tscinv, bmi1, bmi2, adx, s

Memory: 4k page, system-wide physical 6091M (721M free)
TotalPageFile size 13630M (AvailPageFile size 10M)
current process WorkingSet (physical memory assigned to process): 10M, peak: 10M
current process commit charge ("private bytes"): 59M, peak: 155M

vm_info: OpenJDK 64-Bit Server VM (11.0.11+9-b60-7590822) for windows-amd64 JRE (11.0.11+9-b60-7590822), built on Jul 29 2021 21:43:44 by "builder" with MS VC++ 14.0 (VS2015)

END.
